<?xml version="1.0" encoding="UTF-8"?>
<testng-results skipped="0" failed="0" ignored="0" total="2" passed="2">
  <reporter-output>
    <line>
      <![CDATA[Price in Amazon is : 42900]]>
    </line>
    <line>
      <![CDATA[Price in Flipkart is : 53999]]>
    </line>
    <line>
      <![CDATA[Product iPhone XR(64GB)-Yellow price is lesser in Amazon than Flipkart]]>
    </line>
  </reporter-output>
  <suite name="Suite" duration-ms="131350" started-at="2020-01-19T08:02:47Z" finished-at="2020-01-19T08:04:59Z">
    <groups>
    </groups>
    <test name="Test" duration-ms="131350" started-at="2020-01-19T08:02:47Z" finished-at="2020-01-19T08:04:59Z">
      <class name="scripts.TripAdvisor">
        <test-method status="PASS" signature="Open_App()[pri:0, instance:scripts.TripAdvisor@56f4468b]" name="Open_App" is-config="true" duration-ms="7762" started-at="2020-01-19T13:33:53Z" finished-at="2020-01-19T13:34:00Z">
          <reporter-output>
          </reporter-output>
        </test-method> <!-- Open_App -->
        <test-method status="PASS" signature="ratingsForClubMahindra()[pri:0, instance:scripts.TripAdvisor@56f4468b]" name="ratingsForClubMahindra" duration-ms="53624" started-at="2020-01-19T13:34:00Z" finished-at="2020-01-19T13:34:54Z">
          <reporter-output>
          </reporter-output>
        </test-method> <!-- ratingsForClubMahindra -->
        <test-method status="PASS" signature="Close_App(org.testng.ITestResult)[pri:0, instance:scripts.TripAdvisor@56f4468b]" name="Close_App" is-config="true" duration-ms="4794" started-at="2020-01-19T13:34:54Z" finished-at="2020-01-19T13:34:59Z">
          <params>
            <param index="0">
              <value>
                <![CDATA[[TestResult name=ratingsForClubMahindra status=SUCCESS method=TripAdvisor.ratingsForClubMahindra()[pri:0, instance:scripts.TripAdvisor@56f4468b] output={null}]]]>
              </value>
            </param>
          </params>
          <reporter-output>
          </reporter-output>
        </test-method> <!-- Close_App -->
      </class> <!-- scripts.TripAdvisor -->
      <class name="scripts.ComparePrice">
        <test-method status="PASS" signature="Open_App()[pri:0, instance:scripts.ComparePrice@5d5eef3d]" name="Open_App" is-config="true" duration-ms="20408" started-at="2020-01-19T13:32:47Z" finished-at="2020-01-19T13:33:08Z">
          <reporter-output>
          </reporter-output>
        </test-method> <!-- Open_App -->
        <test-method status="PASS" signature="compare_price()[pri:0, instance:scripts.ComparePrice@5d5eef3d]" name="compare_price" duration-ms="40610" started-at="2020-01-19T13:33:08Z" finished-at="2020-01-19T13:33:48Z">
          <reporter-output>
            <line>
              <![CDATA[Price in Amazon is : 42900]]>
            </line>
            <line>
              <![CDATA[Price in Flipkart is : 53999]]>
            </line>
            <line>
              <![CDATA[Product iPhone XR(64GB)-Yellow price is lesser in Amazon than Flipkart]]>
            </line>
          </reporter-output>
        </test-method> <!-- compare_price -->
        <test-method status="PASS" signature="Close_App(org.testng.ITestResult)[pri:0, instance:scripts.ComparePrice@5d5eef3d]" name="Close_App" is-config="true" duration-ms="4121" started-at="2020-01-19T13:33:48Z" finished-at="2020-01-19T13:33:53Z">
          <params>
            <param index="0">
              <value>
                <![CDATA[[TestResult name=compare_price status=SUCCESS method=ComparePrice.compare_price()[pri:0, instance:scripts.ComparePrice@5d5eef3d] output=Price in Amazon is : 42900]]]>
              </value>
            </param>
          </params>
          <reporter-output>
          </reporter-output>
        </test-method> <!-- Close_App -->
      </class> <!-- scripts.ComparePrice -->
    </test> <!-- Test -->
  </suite> <!-- Suite -->
</testng-results>
